c:\users\sam wilkinson\desktop\programming4\hiddenengine\hidden\release\hiddenengine.pch
c:\users\sam wilkinson\desktop\programming4\hiddenengine\hidden\release\hiddenengine.pdb
c:\users\sam wilkinson\desktop\programming4\hiddenengine\hidden\release\hiddenpch.obj
c:\users\sam wilkinson\desktop\programming4\hiddenengine\hidden\release\imgui_widgets.obj
c:\users\sam wilkinson\desktop\programming4\hiddenengine\hidden\release\imgui_tables.obj
c:\users\sam wilkinson\desktop\programming4\hiddenengine\hidden\release\imgui_draw.obj
c:\users\sam wilkinson\desktop\programming4\hiddenengine\hidden\release\imgui_demo.obj
c:\users\sam wilkinson\desktop\programming4\hiddenengine\hidden\release\imgui.obj
c:\users\sam wilkinson\desktop\programming4\hiddenengine\hidden\release\imgui_impl_sdl.obj
c:\users\sam wilkinson\desktop\programming4\hiddenengine\hidden\release\imgui_impl_opengl2.obj
c:\users\sam wilkinson\desktop\programming4\hiddenengine\hidden\release\transform.obj
c:\users\sam wilkinson\desktop\programming4\hiddenengine\hidden\release\time.obj
c:\users\sam wilkinson\desktop\programming4\hiddenengine\hidden\release\texture2d.obj
c:\users\sam wilkinson\desktop\programming4\hiddenengine\hidden\release\textcomponent.obj
c:\users\sam wilkinson\desktop\programming4\hiddenengine\hidden\release\subject.obj
c:\users\sam wilkinson\desktop\programming4\hiddenengine\hidden\release\scenemanager.obj
c:\users\sam wilkinson\desktop\programming4\hiddenengine\hidden\release\scene.obj
c:\users\sam wilkinson\desktop\programming4\hiddenengine\hidden\release\resourcemanager.obj
c:\users\sam wilkinson\desktop\programming4\hiddenengine\hidden\release\renderer.obj
c:\users\sam wilkinson\desktop\programming4\hiddenengine\hidden\release\rendercomponent.obj
c:\users\sam wilkinson\desktop\programming4\hiddenengine\hidden\release\observer.obj
c:\users\sam wilkinson\desktop\programming4\hiddenengine\hidden\release\application.obj
c:\users\sam wilkinson\desktop\programming4\hiddenengine\hidden\release\inputmanager.obj
c:\users\sam wilkinson\desktop\programming4\hiddenengine\hidden\release\gameobject.obj
c:\users\sam wilkinson\desktop\programming4\hiddenengine\hidden\release\fpscomponent.obj
c:\users\sam wilkinson\desktop\programming4\hiddenengine\hidden\release\font.obj
c:\users\sam wilkinson\desktop\programming4\hiddenengine\hidden\release\errorcommand.obj
c:\users\sam wilkinson\desktop\programming4\hiddenengine\hidden\release\emptycommand.obj
c:\users\sam wilkinson\desktop\programming4\hiddenengine\hidden\release\component.obj
c:\users\sam wilkinson\desktop\programming4\hiddenengine\hidden\release\command.obj
c:\users\sam wilkinson\desktop\programming4\hiddenengine\hidden\release\xbox360controller.obj
c:\users\sam wilkinson\desktop\programming4\hiddenengine\release\hiddenengine.lib
c:\users\sam wilkinson\desktop\programming4\hiddenengine\hidden\release\hiddenengine.tlog\cl.command.1.tlog
c:\users\sam wilkinson\desktop\programming4\hiddenengine\hidden\release\hiddenengine.tlog\cl.read.1.tlog
c:\users\sam wilkinson\desktop\programming4\hiddenengine\hidden\release\hiddenengine.tlog\cl.write.1.tlog
c:\users\sam wilkinson\desktop\programming4\hiddenengine\hidden\release\hiddenengine.tlog\lib-link.read.1.tlog
c:\users\sam wilkinson\desktop\programming4\hiddenengine\hidden\release\hiddenengine.tlog\lib-link.write.1.tlog
c:\users\sam wilkinson\desktop\programming4\hiddenengine\hidden\release\hiddenengine.tlog\lib.command.1.tlog
