  HiddenPCH.cpp
  imgui_impl_opengl2.cpp
  imgui_impl_sdl.cpp
  imgui.cpp
  imgui_demo.cpp
  imgui_draw.cpp
  imgui_tables.cpp
  imgui_widgets.cpp
  Generating Code...
  Command.cpp
  Component.cpp
  EmptyCommand.cpp
  ErrorCommand.cpp
  Font.cpp
  FPSComponent.cpp
  GameObject.cpp
  InputManager.cpp
  Application.cpp
  Observer.cpp
  RenderComponent.cpp
  Renderer.cpp
  ResourceManager.cpp
  Scene.cpp
  SceneManager.cpp
  Subject.cpp
  TextComponent.cpp
  Texture2D.cpp
  Time.cpp
  Transform.cpp
  Generating Code...
  Compiling...
  Xbox360Controller.cpp
  Generating Code...
  Hidden.vcxproj -> C:\Users\Sam Wilkinson\Desktop\Programming4\HiddenEngine\Debug\HiddenEngine.lib
  C:\Users\Sam Wilkinson\Desktop\Programming4\HiddenEngine\3rdParty\SDL2\lib\x64\SDL2.dll
  1 File(s) copied
  C:\Users\Sam Wilkinson\Desktop\Programming4\HiddenEngine\3rdParty\SDL2_image\lib\x64\libjpeg-9.dll
  C:\Users\Sam Wilkinson\Desktop\Programming4\HiddenEngine\3rdParty\SDL2_image\lib\x64\libpng16-16.dll
  C:\Users\Sam Wilkinson\Desktop\Programming4\HiddenEngine\3rdParty\SDL2_image\lib\x64\libtiff-5.dll
  C:\Users\Sam Wilkinson\Desktop\Programming4\HiddenEngine\3rdParty\SDL2_image\lib\x64\libwebp-7.dll
  C:\Users\Sam Wilkinson\Desktop\Programming4\HiddenEngine\3rdParty\SDL2_image\lib\x64\SDL2_image.dll
  C:\Users\Sam Wilkinson\Desktop\Programming4\HiddenEngine\3rdParty\SDL2_image\lib\x64\zlib1.dll
  6 File(s) copied
  C:\Users\Sam Wilkinson\Desktop\Programming4\HiddenEngine\3rdParty\SDL2_ttf\lib\x64\libfreetype-6.dll
  C:\Users\Sam Wilkinson\Desktop\Programming4\HiddenEngine\3rdParty\SDL2_ttf\lib\x64\SDL2_ttf.dll
  2 File(s) copied
