c:\users\sam wilkinson\desktop\programming4\hiddenengine\hidden\debug\hiddenengine.pch
c:\users\sam wilkinson\desktop\programming4\hiddenengine\hidden\debug\hiddenengine.pdb
c:\users\sam wilkinson\desktop\programming4\hiddenengine\hidden\debug\hiddenengine.idb
c:\users\sam wilkinson\desktop\programming4\hiddenengine\hidden\debug\hiddenpch.obj
c:\users\sam wilkinson\desktop\programming4\hiddenengine\hidden\debug\imgui_widgets.obj
c:\users\sam wilkinson\desktop\programming4\hiddenengine\hidden\debug\imgui_tables.obj
c:\users\sam wilkinson\desktop\programming4\hiddenengine\hidden\debug\imgui_draw.obj
c:\users\sam wilkinson\desktop\programming4\hiddenengine\hidden\debug\imgui_demo.obj
c:\users\sam wilkinson\desktop\programming4\hiddenengine\hidden\debug\imgui.obj
c:\users\sam wilkinson\desktop\programming4\hiddenengine\hidden\debug\imgui_impl_sdl.obj
c:\users\sam wilkinson\desktop\programming4\hiddenengine\hidden\debug\imgui_impl_opengl2.obj
c:\users\sam wilkinson\desktop\programming4\hiddenengine\hidden\debug\transform.obj
c:\users\sam wilkinson\desktop\programming4\hiddenengine\hidden\debug\time.obj
c:\users\sam wilkinson\desktop\programming4\hiddenengine\hidden\debug\texture2d.obj
c:\users\sam wilkinson\desktop\programming4\hiddenengine\hidden\debug\textcomponent.obj
c:\users\sam wilkinson\desktop\programming4\hiddenengine\hidden\debug\subject.obj
c:\users\sam wilkinson\desktop\programming4\hiddenengine\hidden\debug\scenemanager.obj
c:\users\sam wilkinson\desktop\programming4\hiddenengine\hidden\debug\scene.obj
c:\users\sam wilkinson\desktop\programming4\hiddenengine\hidden\debug\resourcemanager.obj
c:\users\sam wilkinson\desktop\programming4\hiddenengine\hidden\debug\renderer.obj
c:\users\sam wilkinson\desktop\programming4\hiddenengine\hidden\debug\rendercomponent.obj
c:\users\sam wilkinson\desktop\programming4\hiddenengine\hidden\debug\observer.obj
c:\users\sam wilkinson\desktop\programming4\hiddenengine\hidden\debug\application.obj
c:\users\sam wilkinson\desktop\programming4\hiddenengine\hidden\debug\inputmanager.obj
c:\users\sam wilkinson\desktop\programming4\hiddenengine\hidden\debug\gameobject.obj
c:\users\sam wilkinson\desktop\programming4\hiddenengine\hidden\debug\fpscomponent.obj
c:\users\sam wilkinson\desktop\programming4\hiddenengine\hidden\debug\font.obj
c:\users\sam wilkinson\desktop\programming4\hiddenengine\hidden\debug\errorcommand.obj
c:\users\sam wilkinson\desktop\programming4\hiddenengine\hidden\debug\emptycommand.obj
c:\users\sam wilkinson\desktop\programming4\hiddenengine\hidden\debug\component.obj
c:\users\sam wilkinson\desktop\programming4\hiddenengine\hidden\debug\command.obj
c:\users\sam wilkinson\desktop\programming4\hiddenengine\hidden\debug\xbox360controller.obj
c:\users\sam wilkinson\desktop\programming4\hiddenengine\debug\hiddenengine.lib
c:\users\sam wilkinson\desktop\programming4\hiddenengine\hidden\debug\hiddenengine.tlog\cl.command.1.tlog
c:\users\sam wilkinson\desktop\programming4\hiddenengine\hidden\debug\hiddenengine.tlog\cl.read.1.tlog
c:\users\sam wilkinson\desktop\programming4\hiddenengine\hidden\debug\hiddenengine.tlog\cl.write.1.tlog
c:\users\sam wilkinson\desktop\programming4\hiddenengine\hidden\debug\hiddenengine.tlog\lib-link.read.1.tlog
c:\users\sam wilkinson\desktop\programming4\hiddenengine\hidden\debug\hiddenengine.tlog\lib-link.write.1.tlog
c:\users\sam wilkinson\desktop\programming4\hiddenengine\hidden\debug\hiddenengine.tlog\lib.command.1.tlog
